[1.074s] DEBUG:colcon:Command line arguments: ['/usr/bin/colcon', 'build']
[1.074s] DEBUG:colcon:Parsed command line arguments: Namespace(log_base=None, log_level=None, verb_name='build', build_base='build', install_base='install', merge_install=False, symlink_install=False, test_result_base=None, continue_on_error=False, executor='parallel', parallel_workers=16, event_handlers=None, ignore_user_meta=False, metas=['./colcon.meta'], base_paths=['.'], packages_ignore=None, packages_ignore_regex=None, paths=None, packages_up_to=None, packages_up_to_regex=None, packages_above=None, packages_above_and_dependencies=None, packages_above_depth=None, packages_select_by_dep=None, packages_skip_by_dep=None, packages_skip_up_to=None, packages_select_build_failed=False, packages_skip_build_finished=False, packages_select_test_failures=False, packages_skip_test_passed=False, packages_select=None, packages_skip=None, packages_select_regex=None, packages_skip_regex=None, packages_start=None, packages_end=None, allow_overriding=[], cmake_args=None, cmake_target=None, cmake_target_skip_unavailable=False, cmake_clean_cache=False, cmake_clean_first=False, cmake_force_configure=False, ament_cmake_args=None, catkin_cmake_args=None, catkin_skip_building_tests=False, verb_parser=<colcon_defaults.argument_parser.defaults.DefaultArgumentsDecorator object at 0x7fd5d6578ac0>, verb_extension=<colcon_core.verb.build.BuildVerb object at 0x7fd5d65eaf20>, main=<bound method BuildVerb.main of <colcon_core.verb.build.BuildVerb object at 0x7fd5d65eaf20>>)
[1.126s] Level 1:colcon.colcon_core.package_discovery:discover_packages(colcon_meta) check parameters
[1.126s] Level 1:colcon.colcon_core.package_discovery:discover_packages(recursive) check parameters
[1.126s] Level 1:colcon.colcon_core.package_discovery:discover_packages(ignore) check parameters
[1.126s] Level 1:colcon.colcon_core.package_discovery:discover_packages(path) check parameters
[1.126s] Level 1:colcon.colcon_core.package_discovery:discover_packages(colcon_meta) discover
[1.126s] Level 1:colcon.colcon_core.package_discovery:discover_packages(recursive) discover
[1.126s] INFO:colcon.colcon_core.package_discovery:Crawling recursively for packages in '/home/gteref/rcr-comms/rcr-comms-prototype/web_publishers'
[1.126s] Level 1:colcon.colcon_core.package_identification:_identify(.) by extensions ['ignore', 'ignore_ament_install']
[1.127s] Level 1:colcon.colcon_core.package_identification:_identify(.) by extension 'ignore'
[1.127s] Level 1:colcon.colcon_core.package_identification:_identify(.) by extension 'ignore_ament_install'
[1.127s] Level 1:colcon.colcon_core.package_identification:_identify(.) by extensions ['colcon_pkg']
[1.127s] Level 1:colcon.colcon_core.package_identification:_identify(.) by extension 'colcon_pkg'
[1.127s] Level 1:colcon.colcon_core.package_identification:_identify(.) by extensions ['colcon_meta']
[1.127s] Level 1:colcon.colcon_core.package_identification:_identify(.) by extension 'colcon_meta'
[1.127s] Level 1:colcon.colcon_core.package_identification:_identify(.) by extensions ['ros']
[1.127s] Level 1:colcon.colcon_core.package_identification:_identify(.) by extension 'ros'
[1.144s] DEBUG:colcon.colcon_core.package_identification:Package '.' with type 'ros.ament_python' and name 'web_publishers'
[1.144s] Level 1:colcon.colcon_core.package_discovery:discover_packages(recursive) using defaults
[1.144s] Level 1:colcon.colcon_core.package_discovery:discover_packages(ignore) discover
[1.144s] Level 1:colcon.colcon_core.package_discovery:discover_packages(ignore) using defaults
[1.144s] Level 1:colcon.colcon_core.package_discovery:discover_packages(path) discover
[1.144s] Level 1:colcon.colcon_core.package_discovery:discover_packages(path) using defaults
[1.239s] Level 1:colcon.colcon_core.package_discovery:discover_packages(prefix_path) check parameters
[1.239s] Level 1:colcon.colcon_core.package_discovery:discover_packages(prefix_path) discover
[1.285s] DEBUG:colcon.colcon_installed_package_information.package_discovery:Found 275 installed packages in /opt/ros/humble
[1.287s] Level 1:colcon.colcon_core.package_discovery:discover_packages(prefix_path) using defaults
[1.419s] Level 5:colcon.colcon_core.verb:set package 'web_publishers' build argument 'cmake_args' from command line to 'None'
[1.419s] Level 5:colcon.colcon_core.verb:set package 'web_publishers' build argument 'cmake_target' from command line to 'None'
[1.419s] Level 5:colcon.colcon_core.verb:set package 'web_publishers' build argument 'cmake_target_skip_unavailable' from command line to 'False'
[1.419s] Level 5:colcon.colcon_core.verb:set package 'web_publishers' build argument 'cmake_clean_cache' from command line to 'False'
[1.419s] Level 5:colcon.colcon_core.verb:set package 'web_publishers' build argument 'cmake_clean_first' from command line to 'False'
[1.419s] Level 5:colcon.colcon_core.verb:set package 'web_publishers' build argument 'cmake_force_configure' from command line to 'False'
[1.419s] Level 5:colcon.colcon_core.verb:set package 'web_publishers' build argument 'ament_cmake_args' from command line to 'None'
[1.419s] Level 5:colcon.colcon_core.verb:set package 'web_publishers' build argument 'catkin_cmake_args' from command line to 'None'
[1.419s] Level 5:colcon.colcon_core.verb:set package 'web_publishers' build argument 'catkin_skip_building_tests' from command line to 'False'
[1.419s] DEBUG:colcon.colcon_core.verb:Building package 'web_publishers' with the following arguments: {'ament_cmake_args': None, 'build_base': '/home/gteref/rcr-comms/rcr-comms-prototype/web_publishers/build/web_publishers', 'catkin_cmake_args': None, 'catkin_skip_building_tests': False, 'cmake_args': None, 'cmake_clean_cache': False, 'cmake_clean_first': False, 'cmake_force_configure': False, 'cmake_target': None, 'cmake_target_skip_unavailable': False, 'install_base': '/home/gteref/rcr-comms/rcr-comms-prototype/web_publishers/install/web_publishers', 'merge_install': False, 'path': '/home/gteref/rcr-comms/rcr-comms-prototype/web_publishers', 'symlink_install': False, 'test_result_base': None}
[1.435s] INFO:colcon.colcon_core.executor:Executing jobs using 'parallel' executor
[1.454s] DEBUG:colcon.colcon_parallel_executor.executor.parallel:run_until_complete
[1.455s] INFO:colcon.colcon_ros.task.ament_python.build:Building ROS package in '/home/gteref/rcr-comms/rcr-comms-prototype/web_publishers' with build type 'ament_python'
[1.455s] Level 1:colcon.colcon_core.shell:create_environment_hook('web_publishers', 'ament_prefix_path')
[1.483s] INFO:colcon.colcon_core.plugin_system:Skipping extension 'colcon_core.shell.bat': Not used on non-Windows systems
[1.484s] INFO:colcon.colcon_core.shell:Creating environment hook '/home/gteref/rcr-comms/rcr-comms-prototype/web_publishers/install/web_publishers/share/web_publishers/hook/ament_prefix_path.ps1'
[1.487s] INFO:colcon.colcon_core.shell:Creating environment descriptor '/home/gteref/rcr-comms/rcr-comms-prototype/web_publishers/install/web_publishers/share/web_publishers/hook/ament_prefix_path.dsv'
[1.488s] INFO:colcon.colcon_core.shell:Creating environment hook '/home/gteref/rcr-comms/rcr-comms-prototype/web_publishers/install/web_publishers/share/web_publishers/hook/ament_prefix_path.sh'
[1.509s] INFO:colcon.colcon_core.shell:Skip shell extension 'powershell' for command environment: Not usable outside of PowerShell
[1.509s] DEBUG:colcon.colcon_core.shell:Skip shell extension 'dsv' for command environment
[1.871s] INFO:colcon.colcon_core.task.python.build:Building Python package in '/home/gteref/rcr-comms/rcr-comms-prototype/web_publishers'
[1.887s] INFO:colcon.colcon_core.shell:Skip shell extension 'powershell' for command environment: Not usable outside of PowerShell
[1.887s] DEBUG:colcon.colcon_core.shell:Skip shell extension 'dsv' for command environment
[2.338s] DEBUG:colcon.colcon_core.event_handler.log_command:Invoking command in '/home/gteref/rcr-comms/rcr-comms-prototype/web_publishers': PYTHONPATH=/home/gteref/rcr-comms/rcr-comms-prototype/web_publishers/build/web_publishers/prefix_override:/home/gteref/rcr-comms/rcr-comms-prototype/web_publishers/install/web_publishers/lib/python3.10/site-packages:${PYTHONPATH} /usr/bin/python3 setup.py egg_info --egg-base build/web_publishers build --build-base /home/gteref/rcr-comms/rcr-comms-prototype/web_publishers/build/web_publishers/build install --record /home/gteref/rcr-comms/rcr-comms-prototype/web_publishers/build/web_publishers/install.log --single-version-externally-managed
[2.623s] DEBUG:colcon.colcon_core.event_handler.log_command:Invoked command in '/home/gteref/rcr-comms/rcr-comms-prototype/web_publishers' returned '0': PYTHONPATH=/home/gteref/rcr-comms/rcr-comms-prototype/web_publishers/build/web_publishers/prefix_override:/home/gteref/rcr-comms/rcr-comms-prototype/web_publishers/install/web_publishers/lib/python3.10/site-packages:${PYTHONPATH} /usr/bin/python3 setup.py egg_info --egg-base build/web_publishers build --build-base /home/gteref/rcr-comms/rcr-comms-prototype/web_publishers/build/web_publishers/build install --record /home/gteref/rcr-comms/rcr-comms-prototype/web_publishers/build/web_publishers/install.log --single-version-externally-managed
[2.643s] Level 1:colcon.colcon_core.environment:checking '/home/gteref/rcr-comms/rcr-comms-prototype/web_publishers/install/web_publishers' for CMake module files
[2.644s] Level 1:colcon.colcon_core.environment:checking '/home/gteref/rcr-comms/rcr-comms-prototype/web_publishers/install/web_publishers' for CMake config files
[2.645s] Level 1:colcon.colcon_core.environment:checking '/home/gteref/rcr-comms/rcr-comms-prototype/web_publishers/install/web_publishers/lib'
[2.645s] Level 1:colcon.colcon_core.environment:checking '/home/gteref/rcr-comms/rcr-comms-prototype/web_publishers/install/web_publishers/bin'
[2.645s] Level 1:colcon.colcon_core.environment:checking '/home/gteref/rcr-comms/rcr-comms-prototype/web_publishers/install/web_publishers/lib/pkgconfig/web_publishers.pc'
[2.645s] Level 1:colcon.colcon_core.environment:checking '/home/gteref/rcr-comms/rcr-comms-prototype/web_publishers/install/web_publishers/lib/python3.10/site-packages'
[2.645s] Level 1:colcon.colcon_core.shell:create_environment_hook('web_publishers', 'pythonpath')
[2.656s] INFO:colcon.colcon_core.shell:Creating environment hook '/home/gteref/rcr-comms/rcr-comms-prototype/web_publishers/install/web_publishers/share/web_publishers/hook/pythonpath.ps1'
[2.657s] INFO:colcon.colcon_core.shell:Creating environment descriptor '/home/gteref/rcr-comms/rcr-comms-prototype/web_publishers/install/web_publishers/share/web_publishers/hook/pythonpath.dsv'
[2.657s] INFO:colcon.colcon_core.shell:Creating environment hook '/home/gteref/rcr-comms/rcr-comms-prototype/web_publishers/install/web_publishers/share/web_publishers/hook/pythonpath.sh'
[2.657s] Level 1:colcon.colcon_core.environment:checking '/home/gteref/rcr-comms/rcr-comms-prototype/web_publishers/install/web_publishers/bin'
[2.658s] Level 1:colcon.colcon_core.environment:create_environment_scripts_only(web_publishers)
[2.670s] INFO:colcon.colcon_core.shell:Creating package script '/home/gteref/rcr-comms/rcr-comms-prototype/web_publishers/install/web_publishers/share/web_publishers/package.ps1'
[2.671s] INFO:colcon.colcon_core.shell:Creating package descriptor '/home/gteref/rcr-comms/rcr-comms-prototype/web_publishers/install/web_publishers/share/web_publishers/package.dsv'
[2.672s] INFO:colcon.colcon_core.shell:Creating package script '/home/gteref/rcr-comms/rcr-comms-prototype/web_publishers/install/web_publishers/share/web_publishers/package.sh'
[2.674s] INFO:colcon.colcon_core.shell:Creating package script '/home/gteref/rcr-comms/rcr-comms-prototype/web_publishers/install/web_publishers/share/web_publishers/package.bash'
[2.675s] INFO:colcon.colcon_core.shell:Creating package script '/home/gteref/rcr-comms/rcr-comms-prototype/web_publishers/install/web_publishers/share/web_publishers/package.zsh'
[2.677s] Level 1:colcon.colcon_core.environment:create_file_with_runtime_dependencies(/home/gteref/rcr-comms/rcr-comms-prototype/web_publishers/install/web_publishers/share/colcon-core/packages/web_publishers)
[2.677s] DEBUG:colcon.colcon_parallel_executor.executor.parallel:closing loop
[2.678s] DEBUG:colcon.colcon_parallel_executor.executor.parallel:loop closed
[2.678s] DEBUG:colcon.colcon_parallel_executor.executor.parallel:run_until_complete finished with '0'
[2.678s] DEBUG:colcon.colcon_core.event_reactor:joining thread
[2.747s] INFO:colcon.colcon_core.plugin_system:Skipping extension 'colcon_notification.desktop_notification.notify_send': Could not find 'notify-send'
[2.747s] INFO:colcon.colcon_core.plugin_system:Skipping extension 'colcon_notification.desktop_notification.terminal_notifier': Not used on non-Darwin systems
[2.747s] INFO:colcon.colcon_core.plugin_system:Skipping extension 'colcon_notification.desktop_notification.win32': Not used on non-Windows systems
[2.748s] INFO:colcon.colcon_notification.desktop_notification:Sending desktop notification using 'notify2'
[2.748s] DEBUG:colcon.colcon_notification.desktop_notification.notify2:Failed to initialize notify2: org.freedesktop.DBus.Error.FileNotFound: Failed to connect to socket /run/user/1000/bus: No such file or directory
[2.748s] DEBUG:colcon.colcon_core.event_reactor:joined thread
[2.761s] INFO:colcon.colcon_core.shell:Creating prefix script '/home/gteref/rcr-comms/rcr-comms-prototype/web_publishers/install/local_setup.ps1'
[2.762s] INFO:colcon.colcon_core.shell:Creating prefix util module '/home/gteref/rcr-comms/rcr-comms-prototype/web_publishers/install/_local_setup_util_ps1.py'
[2.763s] INFO:colcon.colcon_core.shell:Creating prefix chain script '/home/gteref/rcr-comms/rcr-comms-prototype/web_publishers/install/setup.ps1'
[2.776s] INFO:colcon.colcon_core.shell:Creating prefix script '/home/gteref/rcr-comms/rcr-comms-prototype/web_publishers/install/local_setup.sh'
[2.777s] INFO:colcon.colcon_core.shell:Creating prefix util module '/home/gteref/rcr-comms/rcr-comms-prototype/web_publishers/install/_local_setup_util_sh.py'
[2.777s] INFO:colcon.colcon_core.shell:Creating prefix chain script '/home/gteref/rcr-comms/rcr-comms-prototype/web_publishers/install/setup.sh'
[2.791s] INFO:colcon.colcon_core.shell:Creating prefix script '/home/gteref/rcr-comms/rcr-comms-prototype/web_publishers/install/local_setup.bash'
[2.791s] INFO:colcon.colcon_core.shell:Creating prefix chain script '/home/gteref/rcr-comms/rcr-comms-prototype/web_publishers/install/setup.bash'
[2.808s] INFO:colcon.colcon_core.shell:Creating prefix script '/home/gteref/rcr-comms/rcr-comms-prototype/web_publishers/install/local_setup.zsh'
[2.808s] INFO:colcon.colcon_core.shell:Creating prefix chain script '/home/gteref/rcr-comms/rcr-comms-prototype/web_publishers/install/setup.zsh'
