[0.632s] DEBUG:colcon:Command line arguments: ['/usr/bin/colcon', 'build']
[0.632s] DEBUG:colcon:Parsed command line arguments: Namespace(log_base=None, log_level=None, verb_name='build', build_base='build', install_base='install', merge_install=False, symlink_install=False, test_result_base=None, continue_on_error=False, executor='parallel', parallel_workers=16, event_handlers=None, ignore_user_meta=False, metas=['./colcon.meta'], base_paths=['.'], packages_ignore=None, packages_ignore_regex=None, paths=None, packages_up_to=None, packages_up_to_regex=None, packages_above=None, packages_above_and_dependencies=None, packages_above_depth=None, packages_select_by_dep=None, packages_skip_by_dep=None, packages_skip_up_to=None, packages_select_build_failed=False, packages_skip_build_finished=False, packages_select_test_failures=False, packages_skip_test_passed=False, packages_select=None, packages_skip=None, packages_select_regex=None, packages_skip_regex=None, packages_start=None, packages_end=None, allow_overriding=[], cmake_args=None, cmake_target=None, cmake_target_skip_unavailable=False, cmake_clean_cache=False, cmake_clean_first=False, cmake_force_configure=False, ament_cmake_args=None, catkin_cmake_args=None, catkin_skip_building_tests=False, verb_parser=<colcon_defaults.argument_parser.defaults.DefaultArgumentsDecorator object at 0x7fcad512cbb0>, verb_extension=<colcon_core.verb.build.BuildVerb object at 0x7fcad519ea70>, main=<bound method BuildVerb.main of <colcon_core.verb.build.BuildVerb object at 0x7fcad519ea70>>)
[0.674s] Level 1:colcon.colcon_core.package_discovery:discover_packages(colcon_meta) check parameters
[0.674s] Level 1:colcon.colcon_core.package_discovery:discover_packages(recursive) check parameters
[0.674s] Level 1:colcon.colcon_core.package_discovery:discover_packages(ignore) check parameters
[0.674s] Level 1:colcon.colcon_core.package_discovery:discover_packages(path) check parameters
[0.674s] Level 1:colcon.colcon_core.package_discovery:discover_packages(colcon_meta) discover
[0.674s] Level 1:colcon.colcon_core.package_discovery:discover_packages(recursive) discover
[0.674s] INFO:colcon.colcon_core.package_discovery:Crawling recursively for packages in '/home/gteref/rcr-comms/rcr-comms-prototype/web_publishers'
[0.674s] Level 1:colcon.colcon_core.package_identification:_identify(.) by extensions ['ignore', 'ignore_ament_install']
[0.674s] Level 1:colcon.colcon_core.package_identification:_identify(.) by extension 'ignore'
[0.674s] Level 1:colcon.colcon_core.package_identification:_identify(.) by extension 'ignore_ament_install'
[0.674s] Level 1:colcon.colcon_core.package_identification:_identify(.) by extensions ['colcon_pkg']
[0.674s] Level 1:colcon.colcon_core.package_identification:_identify(.) by extension 'colcon_pkg'
[0.674s] Level 1:colcon.colcon_core.package_identification:_identify(.) by extensions ['colcon_meta']
[0.675s] Level 1:colcon.colcon_core.package_identification:_identify(.) by extension 'colcon_meta'
[0.675s] Level 1:colcon.colcon_core.package_identification:_identify(.) by extensions ['ros']
[0.675s] Level 1:colcon.colcon_core.package_identification:_identify(.) by extension 'ros'
[0.684s] DEBUG:colcon.colcon_core.package_identification:Package '.' with type 'ros.ament_python' and name 'web_publishers'
[0.684s] Level 1:colcon.colcon_core.package_discovery:discover_packages(recursive) using defaults
[0.684s] Level 1:colcon.colcon_core.package_discovery:discover_packages(ignore) discover
[0.684s] Level 1:colcon.colcon_core.package_discovery:discover_packages(ignore) using defaults
[0.684s] Level 1:colcon.colcon_core.package_discovery:discover_packages(path) discover
[0.684s] Level 1:colcon.colcon_core.package_discovery:discover_packages(path) using defaults
[0.732s] Level 1:colcon.colcon_core.package_discovery:discover_packages(prefix_path) check parameters
[0.732s] Level 1:colcon.colcon_core.package_discovery:discover_packages(prefix_path) discover
[0.747s] DEBUG:colcon.colcon_installed_package_information.package_discovery:Found 275 installed packages in /opt/ros/humble
[0.748s] Level 1:colcon.colcon_core.package_discovery:discover_packages(prefix_path) using defaults
[0.797s] Level 5:colcon.colcon_core.verb:set package 'web_publishers' build argument 'cmake_args' from command line to 'None'
[0.797s] Level 5:colcon.colcon_core.verb:set package 'web_publishers' build argument 'cmake_target' from command line to 'None'
[0.797s] Level 5:colcon.colcon_core.verb:set package 'web_publishers' build argument 'cmake_target_skip_unavailable' from command line to 'False'
[0.797s] Level 5:colcon.colcon_core.verb:set package 'web_publishers' build argument 'cmake_clean_cache' from command line to 'False'
[0.797s] Level 5:colcon.colcon_core.verb:set package 'web_publishers' build argument 'cmake_clean_first' from command line to 'False'
[0.797s] Level 5:colcon.colcon_core.verb:set package 'web_publishers' build argument 'cmake_force_configure' from command line to 'False'
[0.797s] Level 5:colcon.colcon_core.verb:set package 'web_publishers' build argument 'ament_cmake_args' from command line to 'None'
[0.797s] Level 5:colcon.colcon_core.verb:set package 'web_publishers' build argument 'catkin_cmake_args' from command line to 'None'
[0.797s] Level 5:colcon.colcon_core.verb:set package 'web_publishers' build argument 'catkin_skip_building_tests' from command line to 'False'
[0.797s] DEBUG:colcon.colcon_core.verb:Building package 'web_publishers' with the following arguments: {'ament_cmake_args': None, 'build_base': '/home/gteref/rcr-comms/rcr-comms-prototype/web_publishers/build/web_publishers', 'catkin_cmake_args': None, 'catkin_skip_building_tests': False, 'cmake_args': None, 'cmake_clean_cache': False, 'cmake_clean_first': False, 'cmake_force_configure': False, 'cmake_target': None, 'cmake_target_skip_unavailable': False, 'install_base': '/home/gteref/rcr-comms/rcr-comms-prototype/web_publishers/install/web_publishers', 'merge_install': False, 'path': '/home/gteref/rcr-comms/rcr-comms-prototype/web_publishers', 'symlink_install': False, 'test_result_base': None}
[0.803s] INFO:colcon.colcon_core.executor:Executing jobs using 'parallel' executor
[0.810s] DEBUG:colcon.colcon_parallel_executor.executor.parallel:run_until_complete
[0.810s] INFO:colcon.colcon_ros.task.ament_python.build:Building ROS package in '/home/gteref/rcr-comms/rcr-comms-prototype/web_publishers' with build type 'ament_python'
[0.810s] Level 1:colcon.colcon_core.shell:create_environment_hook('web_publishers', 'ament_prefix_path')
[0.823s] INFO:colcon.colcon_core.plugin_system:Skipping extension 'colcon_core.shell.bat': Not used on non-Windows systems
[0.823s] INFO:colcon.colcon_core.shell:Creating environment hook '/home/gteref/rcr-comms/rcr-comms-prototype/web_publishers/install/web_publishers/share/web_publishers/hook/ament_prefix_path.ps1'
[0.824s] INFO:colcon.colcon_core.shell:Creating environment descriptor '/home/gteref/rcr-comms/rcr-comms-prototype/web_publishers/install/web_publishers/share/web_publishers/hook/ament_prefix_path.dsv'
[0.825s] INFO:colcon.colcon_core.shell:Creating environment hook '/home/gteref/rcr-comms/rcr-comms-prototype/web_publishers/install/web_publishers/share/web_publishers/hook/ament_prefix_path.sh'
[0.832s] INFO:colcon.colcon_core.shell:Skip shell extension 'powershell' for command environment: Not usable outside of PowerShell
[0.832s] DEBUG:colcon.colcon_core.shell:Skip shell extension 'dsv' for command environment
[0.967s] INFO:colcon.colcon_core.task.python.build:Building Python package in '/home/gteref/rcr-comms/rcr-comms-prototype/web_publishers'
[0.974s] INFO:colcon.colcon_core.shell:Skip shell extension 'powershell' for command environment: Not usable outside of PowerShell
[0.974s] DEBUG:colcon.colcon_core.shell:Skip shell extension 'dsv' for command environment
[1.216s] DEBUG:colcon.colcon_core.event_handler.log_command:Invoking command in '/home/gteref/rcr-comms/rcr-comms-prototype/web_publishers': PYTHONPATH=/home/gteref/rcr-comms/rcr-comms-prototype/web_publishers/build/web_publishers/prefix_override:/home/gteref/rcr-comms/rcr-comms-prototype/web_publishers/install/web_publishers/lib/python3.10/site-packages:${PYTHONPATH} WSLENV=ELECTRON_RUN_AS_NODE/w: /usr/bin/python3 setup.py egg_info --egg-base build/web_publishers build --build-base /home/gteref/rcr-comms/rcr-comms-prototype/web_publishers/build/web_publishers/build install --record /home/gteref/rcr-comms/rcr-comms-prototype/web_publishers/build/web_publishers/install.log --single-version-externally-managed
[1.396s] DEBUG:colcon.colcon_core.event_handler.log_command:Invoked command in '/home/gteref/rcr-comms/rcr-comms-prototype/web_publishers' returned '0': PYTHONPATH=/home/gteref/rcr-comms/rcr-comms-prototype/web_publishers/build/web_publishers/prefix_override:/home/gteref/rcr-comms/rcr-comms-prototype/web_publishers/install/web_publishers/lib/python3.10/site-packages:${PYTHONPATH} WSLENV=ELECTRON_RUN_AS_NODE/w: /usr/bin/python3 setup.py egg_info --egg-base build/web_publishers build --build-base /home/gteref/rcr-comms/rcr-comms-prototype/web_publishers/build/web_publishers/build install --record /home/gteref/rcr-comms/rcr-comms-prototype/web_publishers/build/web_publishers/install.log --single-version-externally-managed
[1.407s] Level 1:colcon.colcon_core.environment:checking '/home/gteref/rcr-comms/rcr-comms-prototype/web_publishers/install/web_publishers' for CMake module files
[1.408s] Level 1:colcon.colcon_core.environment:checking '/home/gteref/rcr-comms/rcr-comms-prototype/web_publishers/install/web_publishers' for CMake config files
[1.408s] Level 1:colcon.colcon_core.environment:checking '/home/gteref/rcr-comms/rcr-comms-prototype/web_publishers/install/web_publishers/lib'
[1.408s] Level 1:colcon.colcon_core.environment:checking '/home/gteref/rcr-comms/rcr-comms-prototype/web_publishers/install/web_publishers/bin'
[1.408s] Level 1:colcon.colcon_core.environment:checking '/home/gteref/rcr-comms/rcr-comms-prototype/web_publishers/install/web_publishers/lib/pkgconfig/web_publishers.pc'
[1.408s] Level 1:colcon.colcon_core.environment:checking '/home/gteref/rcr-comms/rcr-comms-prototype/web_publishers/install/web_publishers/lib/python3.10/site-packages'
[1.408s] Level 1:colcon.colcon_core.shell:create_environment_hook('web_publishers', 'pythonpath')
[1.415s] INFO:colcon.colcon_core.shell:Creating environment hook '/home/gteref/rcr-comms/rcr-comms-prototype/web_publishers/install/web_publishers/share/web_publishers/hook/pythonpath.ps1'
[1.416s] INFO:colcon.colcon_core.shell:Creating environment descriptor '/home/gteref/rcr-comms/rcr-comms-prototype/web_publishers/install/web_publishers/share/web_publishers/hook/pythonpath.dsv'
[1.416s] INFO:colcon.colcon_core.shell:Creating environment hook '/home/gteref/rcr-comms/rcr-comms-prototype/web_publishers/install/web_publishers/share/web_publishers/hook/pythonpath.sh'
[1.416s] Level 1:colcon.colcon_core.environment:checking '/home/gteref/rcr-comms/rcr-comms-prototype/web_publishers/install/web_publishers/bin'
[1.416s] Level 1:colcon.colcon_core.environment:create_environment_scripts_only(web_publishers)
[1.425s] INFO:colcon.colcon_core.shell:Creating package script '/home/gteref/rcr-comms/rcr-comms-prototype/web_publishers/install/web_publishers/share/web_publishers/package.ps1'
[1.426s] INFO:colcon.colcon_core.shell:Creating package descriptor '/home/gteref/rcr-comms/rcr-comms-prototype/web_publishers/install/web_publishers/share/web_publishers/package.dsv'
[1.427s] INFO:colcon.colcon_core.shell:Creating package script '/home/gteref/rcr-comms/rcr-comms-prototype/web_publishers/install/web_publishers/share/web_publishers/package.sh'
[1.428s] INFO:colcon.colcon_core.shell:Creating package script '/home/gteref/rcr-comms/rcr-comms-prototype/web_publishers/install/web_publishers/share/web_publishers/package.bash'
[1.429s] INFO:colcon.colcon_core.shell:Creating package script '/home/gteref/rcr-comms/rcr-comms-prototype/web_publishers/install/web_publishers/share/web_publishers/package.zsh'
[1.430s] Level 1:colcon.colcon_core.environment:create_file_with_runtime_dependencies(/home/gteref/rcr-comms/rcr-comms-prototype/web_publishers/install/web_publishers/share/colcon-core/packages/web_publishers)
[1.431s] DEBUG:colcon.colcon_parallel_executor.executor.parallel:closing loop
[1.431s] DEBUG:colcon.colcon_parallel_executor.executor.parallel:loop closed
[1.432s] DEBUG:colcon.colcon_parallel_executor.executor.parallel:run_until_complete finished with '0'
[1.432s] DEBUG:colcon.colcon_core.event_reactor:joining thread
[1.487s] INFO:colcon.colcon_core.plugin_system:Skipping extension 'colcon_notification.desktop_notification.notify_send': Could not find 'notify-send'
[1.487s] INFO:colcon.colcon_core.plugin_system:Skipping extension 'colcon_notification.desktop_notification.terminal_notifier': Not used on non-Darwin systems
[1.487s] INFO:colcon.colcon_core.plugin_system:Skipping extension 'colcon_notification.desktop_notification.win32': Not used on non-Windows systems
[1.487s] INFO:colcon.colcon_notification.desktop_notification:Sending desktop notification using 'notify2'
[1.487s] DEBUG:colcon.colcon_notification.desktop_notification.notify2:Failed to initialize notify2: org.freedesktop.DBus.Error.FileNotFound: Failed to connect to socket /run/user/1000/bus: No such file or directory
[1.487s] DEBUG:colcon.colcon_core.event_reactor:joined thread
[1.496s] INFO:colcon.colcon_core.shell:Creating prefix script '/home/gteref/rcr-comms/rcr-comms-prototype/web_publishers/install/local_setup.ps1'
[1.497s] INFO:colcon.colcon_core.shell:Creating prefix util module '/home/gteref/rcr-comms/rcr-comms-prototype/web_publishers/install/_local_setup_util_ps1.py'
[1.498s] INFO:colcon.colcon_core.shell:Creating prefix chain script '/home/gteref/rcr-comms/rcr-comms-prototype/web_publishers/install/setup.ps1'
[1.506s] INFO:colcon.colcon_core.shell:Creating prefix script '/home/gteref/rcr-comms/rcr-comms-prototype/web_publishers/install/local_setup.sh'
[1.506s] INFO:colcon.colcon_core.shell:Creating prefix util module '/home/gteref/rcr-comms/rcr-comms-prototype/web_publishers/install/_local_setup_util_sh.py'
[1.507s] INFO:colcon.colcon_core.shell:Creating prefix chain script '/home/gteref/rcr-comms/rcr-comms-prototype/web_publishers/install/setup.sh'
[1.515s] INFO:colcon.colcon_core.shell:Creating prefix script '/home/gteref/rcr-comms/rcr-comms-prototype/web_publishers/install/local_setup.bash'
[1.516s] INFO:colcon.colcon_core.shell:Creating prefix chain script '/home/gteref/rcr-comms/rcr-comms-prototype/web_publishers/install/setup.bash'
[1.524s] INFO:colcon.colcon_core.shell:Creating prefix script '/home/gteref/rcr-comms/rcr-comms-prototype/web_publishers/install/local_setup.zsh'
[1.525s] INFO:colcon.colcon_core.shell:Creating prefix chain script '/home/gteref/rcr-comms/rcr-comms-prototype/web_publishers/install/setup.zsh'
