running egg_info
creating build/web_publishers/web_publishers.egg-info
writing build/web_publishers/web_publishers.egg-info/PKG-INFO
writing dependency_links to build/web_publishers/web_publishers.egg-info/dependency_links.txt
writing entry points to build/web_publishers/web_publishers.egg-info/entry_points.txt
writing requirements to build/web_publishers/web_publishers.egg-info/requires.txt
writing top-level names to build/web_publishers/web_publishers.egg-info/top_level.txt
writing manifest file 'build/web_publishers/web_publishers.egg-info/SOURCES.txt'
reading manifest file 'build/web_publishers/web_publishers.egg-info/SOURCES.txt'
writing manifest file 'build/web_publishers/web_publishers.egg-info/SOURCES.txt'
running build
running build_py
creating /home/gteref/rcr-comms/rcr-comms-prototype/web_publishers/build/web_publishers/build
creating /home/gteref/rcr-comms/rcr-comms-prototype/web_publishers/build/web_publishers/build/lib
creating /home/gteref/rcr-comms/rcr-comms-prototype/web_publishers/build/web_publishers/build/lib/web_publishers
copying web_publishers/imgpublisher.py -> /home/gteref/rcr-comms/rcr-comms-prototype/web_publishers/build/web_publishers/build/lib/web_publishers
copying web_publishers/__init__.py -> /home/gteref/rcr-comms/rcr-comms-prototype/web_publishers/build/web_publishers/build/lib/web_publishers
copying web_publishers/stringpublisher.py -> /home/gteref/rcr-comms/rcr-comms-prototype/web_publishers/build/web_publishers/build/lib/web_publishers
running install
running install_lib
creating /home/gteref/rcr-comms/rcr-comms-prototype/web_publishers/install/web_publishers/lib/python3.10/site-packages/web_publishers
copying /home/gteref/rcr-comms/rcr-comms-prototype/web_publishers/build/web_publishers/build/lib/web_publishers/imgpublisher.py -> /home/gteref/rcr-comms/rcr-comms-prototype/web_publishers/install/web_publishers/lib/python3.10/site-packages/web_publishers
copying /home/gteref/rcr-comms/rcr-comms-prototype/web_publishers/build/web_publishers/build/lib/web_publishers/__init__.py -> /home/gteref/rcr-comms/rcr-comms-prototype/web_publishers/install/web_publishers/lib/python3.10/site-packages/web_publishers
copying /home/gteref/rcr-comms/rcr-comms-prototype/web_publishers/build/web_publishers/build/lib/web_publishers/stringpublisher.py -> /home/gteref/rcr-comms/rcr-comms-prototype/web_publishers/install/web_publishers/lib/python3.10/site-packages/web_publishers
byte-compiling /home/gteref/rcr-comms/rcr-comms-prototype/web_publishers/install/web_publishers/lib/python3.10/site-packages/web_publishers/imgpublisher.py to imgpublisher.cpython-310.pyc
byte-compiling /home/gteref/rcr-comms/rcr-comms-prototype/web_publishers/install/web_publishers/lib/python3.10/site-packages/web_publishers/__init__.py to __init__.cpython-310.pyc
byte-compiling /home/gteref/rcr-comms/rcr-comms-prototype/web_publishers/install/web_publishers/lib/python3.10/site-packages/web_publishers/stringpublisher.py to stringpublisher.cpython-310.pyc
running install_data
creating /home/gteref/rcr-comms/rcr-comms-prototype/web_publishers/install/web_publishers/share/ament_index
creating /home/gteref/rcr-comms/rcr-comms-prototype/web_publishers/install/web_publishers/share/ament_index/resource_index
creating /home/gteref/rcr-comms/rcr-comms-prototype/web_publishers/install/web_publishers/share/ament_index/resource_index/packages
copying resource/web_publishers -> /home/gteref/rcr-comms/rcr-comms-prototype/web_publishers/install/web_publishers/share/ament_index/resource_index/packages
copying package.xml -> /home/gteref/rcr-comms/rcr-comms-prototype/web_publishers/install/web_publishers/share/web_publishers
running install_egg_info
Copying build/web_publishers/web_publishers.egg-info to /home/gteref/rcr-comms/rcr-comms-prototype/web_publishers/install/web_publishers/lib/python3.10/site-packages/web_publishers-0.0.0-py3.10.egg-info
running install_scripts
Installing image_publisher script to /home/gteref/rcr-comms/rcr-comms-prototype/web_publishers/install/web_publishers/lib/web_publishers
Installing random_string_publisher script to /home/gteref/rcr-comms/rcr-comms-prototype/web_publishers/install/web_publishers/lib/web_publishers
writing list of installed files to '/home/gteref/rcr-comms/rcr-comms-prototype/web_publishers/build/web_publishers/install.log'
