[0.406s] Invoking command in '/home/gteref/rcr-comms/rcr-comms-prototype/web_publishers': PYTHONPATH=/home/gteref/rcr-comms/rcr-comms-prototype/web_publishers/build/web_publishers/prefix_override:/home/gteref/rcr-comms/rcr-comms-prototype/web_publishers/install/web_publishers/lib/python3.10/site-packages:${PYTHONPATH} WSLENV=ELECTRON_RUN_AS_NODE/w: /usr/bin/python3 setup.py egg_info --egg-base build/web_publishers build --build-base /home/gteref/rcr-comms/rcr-comms-prototype/web_publishers/build/web_publishers/build install --record /home/gteref/rcr-comms/rcr-comms-prototype/web_publishers/build/web_publishers/install.log --single-version-externally-managed
[0.537s] running egg_info
[0.537s] creating build/web_publishers/web_publishers.egg-info
[0.538s] writing build/web_publishers/web_publishers.egg-info/PKG-INFO
[0.538s] writing dependency_links to build/web_publishers/web_publishers.egg-info/dependency_links.txt
[0.538s] writing entry points to build/web_publishers/web_publishers.egg-info/entry_points.txt
[0.538s] writing requirements to build/web_publishers/web_publishers.egg-info/requires.txt
[0.538s] writing top-level names to build/web_publishers/web_publishers.egg-info/top_level.txt
[0.538s] writing manifest file 'build/web_publishers/web_publishers.egg-info/SOURCES.txt'
[0.540s] reading manifest file 'build/web_publishers/web_publishers.egg-info/SOURCES.txt'
[0.540s] writing manifest file 'build/web_publishers/web_publishers.egg-info/SOURCES.txt'
[0.540s] running build
[0.540s] running build_py
[0.540s] creating /home/gteref/rcr-comms/rcr-comms-prototype/web_publishers/build/web_publishers/build
[0.541s] creating /home/gteref/rcr-comms/rcr-comms-prototype/web_publishers/build/web_publishers/build/lib
[0.541s] creating /home/gteref/rcr-comms/rcr-comms-prototype/web_publishers/build/web_publishers/build/lib/web_publishers
[0.541s] copying web_publishers/imgpublisher.py -> /home/gteref/rcr-comms/rcr-comms-prototype/web_publishers/build/web_publishers/build/lib/web_publishers
[0.541s] copying web_publishers/__init__.py -> /home/gteref/rcr-comms/rcr-comms-prototype/web_publishers/build/web_publishers/build/lib/web_publishers
[0.541s] copying web_publishers/stringpublisher.py -> /home/gteref/rcr-comms/rcr-comms-prototype/web_publishers/build/web_publishers/build/lib/web_publishers
[0.541s] running install
[0.541s] /usr/lib/python3/dist-packages/setuptools/command/install.py:34: SetuptoolsDeprecationWarning: setup.py install is deprecated. Use build and pip and other standards-based tools.
[0.541s]   warnings.warn(
[0.542s] running install_lib
[0.542s] creating /home/gteref/rcr-comms/rcr-comms-prototype/web_publishers/install/web_publishers/lib/python3.10/site-packages/web_publishers
[0.542s] copying /home/gteref/rcr-comms/rcr-comms-prototype/web_publishers/build/web_publishers/build/lib/web_publishers/imgpublisher.py -> /home/gteref/rcr-comms/rcr-comms-prototype/web_publishers/install/web_publishers/lib/python3.10/site-packages/web_publishers
[0.542s] copying /home/gteref/rcr-comms/rcr-comms-prototype/web_publishers/build/web_publishers/build/lib/web_publishers/__init__.py -> /home/gteref/rcr-comms/rcr-comms-prototype/web_publishers/install/web_publishers/lib/python3.10/site-packages/web_publishers
[0.543s] copying /home/gteref/rcr-comms/rcr-comms-prototype/web_publishers/build/web_publishers/build/lib/web_publishers/stringpublisher.py -> /home/gteref/rcr-comms/rcr-comms-prototype/web_publishers/install/web_publishers/lib/python3.10/site-packages/web_publishers
[0.543s] byte-compiling /home/gteref/rcr-comms/rcr-comms-prototype/web_publishers/install/web_publishers/lib/python3.10/site-packages/web_publishers/imgpublisher.py to imgpublisher.cpython-310.pyc
[0.543s] byte-compiling /home/gteref/rcr-comms/rcr-comms-prototype/web_publishers/install/web_publishers/lib/python3.10/site-packages/web_publishers/__init__.py to __init__.cpython-310.pyc
[0.543s] byte-compiling /home/gteref/rcr-comms/rcr-comms-prototype/web_publishers/install/web_publishers/lib/python3.10/site-packages/web_publishers/stringpublisher.py to stringpublisher.cpython-310.pyc
[0.544s] running install_data
[0.544s] creating /home/gteref/rcr-comms/rcr-comms-prototype/web_publishers/install/web_publishers/share/ament_index
[0.544s] creating /home/gteref/rcr-comms/rcr-comms-prototype/web_publishers/install/web_publishers/share/ament_index/resource_index
[0.544s] creating /home/gteref/rcr-comms/rcr-comms-prototype/web_publishers/install/web_publishers/share/ament_index/resource_index/packages
[0.544s] copying resource/web_publishers -> /home/gteref/rcr-comms/rcr-comms-prototype/web_publishers/install/web_publishers/share/ament_index/resource_index/packages
[0.545s] copying package.xml -> /home/gteref/rcr-comms/rcr-comms-prototype/web_publishers/install/web_publishers/share/web_publishers
[0.545s] running install_egg_info
[0.546s] Copying build/web_publishers/web_publishers.egg-info to /home/gteref/rcr-comms/rcr-comms-prototype/web_publishers/install/web_publishers/lib/python3.10/site-packages/web_publishers-0.0.0-py3.10.egg-info
[0.546s] running install_scripts
[0.561s] Installing image_publisher script to /home/gteref/rcr-comms/rcr-comms-prototype/web_publishers/install/web_publishers/lib/web_publishers
[0.561s] Installing random_string_publisher script to /home/gteref/rcr-comms/rcr-comms-prototype/web_publishers/install/web_publishers/lib/web_publishers
[0.561s] writing list of installed files to '/home/gteref/rcr-comms/rcr-comms-prototype/web_publishers/build/web_publishers/install.log'
[0.585s] Invoked command in '/home/gteref/rcr-comms/rcr-comms-prototype/web_publishers' returned '0': PYTHONPATH=/home/gteref/rcr-comms/rcr-comms-prototype/web_publishers/build/web_publishers/prefix_override:/home/gteref/rcr-comms/rcr-comms-prototype/web_publishers/install/web_publishers/lib/python3.10/site-packages:${PYTHONPATH} WSLENV=ELECTRON_RUN_AS_NODE/w: /usr/bin/python3 setup.py egg_info --egg-base build/web_publishers build --build-base /home/gteref/rcr-comms/rcr-comms-prototype/web_publishers/build/web_publishers/build install --record /home/gteref/rcr-comms/rcr-comms-prototype/web_publishers/build/web_publishers/install.log --single-version-externally-managed
