running egg_info
writing build/web_publishers/web_publishers.egg-info/PKG-INFO
writing dependency_links to build/web_publishers/web_publishers.egg-info/dependency_links.txt
writing entry points to build/web_publishers/web_publishers.egg-info/entry_points.txt
writing requirements to build/web_publishers/web_publishers.egg-info/requires.txt
writing top-level names to build/web_publishers/web_publishers.egg-info/top_level.txt
reading manifest file 'build/web_publishers/web_publishers.egg-info/SOURCES.txt'
writing manifest file 'build/web_publishers/web_publishers.egg-info/SOURCES.txt'
running build
running build_py
copying web_publishers/imgpublisher.py -> /home/gteref/rcr-comms/rcr-comms-prototype/web_publishers/build/web_publishers/build/lib/web_publishers
running install
running install_lib
copying /home/gteref/rcr-comms/rcr-comms-prototype/web_publishers/build/web_publishers/build/lib/web_publishers/imgpublisher.py -> /home/gteref/rcr-comms/rcr-comms-prototype/web_publishers/install/web_publishers/lib/python3.10/site-packages/web_publishers
byte-compiling /home/gteref/rcr-comms/rcr-comms-prototype/web_publishers/install/web_publishers/lib/python3.10/site-packages/web_publishers/imgpublisher.py to imgpublisher.cpython-310.pyc
running install_data
running install_egg_info
removing '/home/gteref/rcr-comms/rcr-comms-prototype/web_publishers/install/web_publishers/lib/python3.10/site-packages/web_publishers-0.0.0-py3.10.egg-info' (and everything under it)
Copying build/web_publishers/web_publishers.egg-info to /home/gteref/rcr-comms/rcr-comms-prototype/web_publishers/install/web_publishers/lib/python3.10/site-packages/web_publishers-0.0.0-py3.10.egg-info
running install_scripts
Installing image_publisher script to /home/gteref/rcr-comms/rcr-comms-prototype/web_publishers/install/web_publishers/lib/web_publishers
Installing random_string_publisher script to /home/gteref/rcr-comms/rcr-comms-prototype/web_publishers/install/web_publishers/lib/web_publishers
writing list of installed files to '/home/gteref/rcr-comms/rcr-comms-prototype/web_publishers/build/web_publishers/install.log'
